Looking for git in: git
Using git 2.7.4 from git
> git rev-parse --show-toplevel
> git rev-parse --git-dir
Open repository: /home/hcalderon/Documents/Angular/estudiantesRest
> git status -z -u
> git symbolic-ref --short HEAD
> git rev-parse master
> git rev-parse --symbolic-full-name master@{u}
fatal: no upstream configured for branch 'master'
> git for-each-ref --format %(refname) %(objectname) --sort -committerdate
> git remote --verbose
> git config --get commit.template
> git check-ignore -v -z --stdin
> git check-ignore -v -z --stdin
> git check-ignore -v -z --stdin
> git status -z -u
> git symbolic-ref --short HEAD
> git rev-parse master
> git rev-parse --symbolic-full-name master@{u}
fatal: no upstream configured for branch 'master'
> git for-each-ref --format %(refname) %(objectname) --sort -committerdate
> git remote --verbose
> git config --get commit.template
> git show :src/app/app.module.ts
> git ls-files --stage -- /home/hcalderon/Documents/Angular/estudiantesRest/src/app/app.module.ts
> git cat-file -s 2c3ba2995c8510c02ca812f90280146738f162cf
> git status -z -u
> git symbolic-ref --short HEAD
> git rev-parse master
> git rev-parse --symbolic-full-name master@{u}
fatal: no upstream configured for branch 'master'
> git for-each-ref --format %(refname) %(objectname) --sort -committerdate
> git remote --verbose
> git config --get commit.template
> git check-ignore -v -z --stdin
> git check-ignore -v -z --stdin
> git show :src/app/estudiante/listar-estudiante/listar-estudiante.component.ts
> git ls-files --stage -- /home/hcalderon/Documents/Angular/estudiantesRest/src/app/estudiante/listar-estudiante/listar-estudiante.component.ts
> git show :src/app/estudiante/listar-estudiante/listar-estudiante.component.html
> git ls-files --stage -- /home/hcalderon/Documents/Angular/estudiantesRest/src/app/estudiante/listar-estudiante/listar-estudiante.component.html
> git show :src/app/estudiante/listar-estudiante/listar-estudiante.component.ts
> git ls-files --stage -- /home/hcalderon/Documents/Angular/estudiantesRest/src/app/estudiante/listar-estudiante/listar-estudiante.component.ts
> git status -z -u
> git symbolic-ref --short HEAD
> git rev-parse master
> git rev-parse --symbolic-full-name master@{u}
fatal: no upstream configured for branch 'master'
> git for-each-ref --format %(refname) %(objectname) --sort -committerdate
> git remote --verbose
> git config --get commit.template
> git check-ignore -v -z --stdin
> git status -z -u
> git symbolic-ref --short HEAD
> git rev-parse master
> git rev-parse --symbolic-full-name master@{u}
fatal: no upstream configured for branch 'master'
> git for-each-ref --format %(refname) %(objectname) --sort -committerdate
> git remote --verbose
> git config --get commit.template
> git status -z -u
> git symbolic-ref --short HEAD
> git rev-parse master
> git rev-parse --symbolic-full-name master@{u}
fatal: no upstream configured for branch 'master'
> git for-each-ref --format %(refname) %(objectname) --sort -committerdate
> git remote --verbose
> git config --get commit.template
> git check-ignore -v -z --stdin
> git check-ignore -v -z --stdin
> git show :src/app/shared/servicios/estudiante.service.ts
> git ls-files --stage -- /home/hcalderon/Documents/Angular/estudiantesRest/src/app/shared/servicios/estudiante.service.ts
> git show :src/app/estudiante/listar-estudiante/listar-estudiante.component.ts
> git ls-files --stage -- /home/hcalderon/Documents/Angular/estudiantesRest/src/app/estudiante/listar-estudiante/listar-estudiante.component.ts
> git status -z -u
> git symbolic-ref --short HEAD
> git rev-parse master
> git rev-parse --symbolic-full-name master@{u}
fatal: no upstream configured for branch 'master'
> git for-each-ref --format %(refname) %(objectname) --sort -committerdate
> git remote --verbose
> git config --get commit.template
